<?xml version="1.0" encoding="UTF-8"?>
<testsuite xmlns:xsi="http://www.w3.org/2001/XMLSchema-instance" xsi:noNamespaceSchemaLocation="https://maven.apache.org/surefire/maven-surefire-plugin/xsd/surefire-test-report-3.0.xsd" version="3.0" name="com.clean.code.ArchitectureTest" time="1.383" tests="2" errors="0" skipped="0" failures="1">
  <properties>
[...]
</properties>
  <testcase name="no_public_fields" classname="ArchitectureTest" time="1.369">
    <failure message="Architecture Violation [Priority: MEDIUM] - Rule &apos;fields should not be public, because Los atributos públicos violan encapsulamiento&apos; was violated (2 times):&#10;Field &lt;com.clean.code.CManager.cList&gt; has modifier PUBLIC in (CManager.java:0)&#10;Field &lt;com.clean.code.CManager.oList&gt; has modifier PUBLIC in (CManager.java:0)" type="java.lang.AssertionError"><![CDATA[java.lang.AssertionError: 
Architecture Violation [Priority: MEDIUM] - Rule 'fields should not be public, because Los atributos públicos violan encapsulamiento' was violated (2 times):
Field <com.clean.code.CManager.cList> has modifier PUBLIC in (CManager.java:0)
Field <com.clean.code.CManager.oList> has modifier PUBLIC in (CManager.java:0)
	at com.tngtech.archunit.lang.ArchRule$Assertions.assertNoViolation(ArchRule.java:94)
	at com.tngtech.archunit.lang.ArchRule$Assertions.check(ArchRule.java:86)
	at com.tngtech.archunit.lang.ArchRule$Factory$SimpleArchRule.check(ArchRule.java:165)
	at com.tngtech.archunit.junit.internal.ArchUnitTestDescriptor$ArchUnitRuleDescriptor.execute(ArchUnitTestDescriptor.java:166)
	at com.tngtech.archunit.junit.internal.ArchUnitTestDescriptor$ArchUnitRuleDescriptor.execute(ArchUnitTestDescriptor.java:149)
	at java.base/java.util.ArrayList.forEach(ArrayList.java:1596)
	at java.base/java.util.ArrayList.forEach(ArrayList.java:1596)
]]></failure>
    <system-err><![CDATA[SLF4J: No SLF4J providers were found.
SLF4J: Defaulting to no-operation (NOP) logger implementation
SLF4J: See https://www.slf4j.org/codes.html#noProviders for further details.
]]></system-err>
  </testcase>
  <testcase name="classes_should_end_with_Manager" classname="ArchitectureTest" time="0.002"/>
</testsuite>